
==========================================================================================
 CLASSIFICATION FINE-TUNE + ENSEMBLE
==========================================================================================
  Seed: 42
  Parallelism: search_jobs=8 | model_jobs=12
  Random search iterations: 30
  Train: 2082 | Test: 840
  Train targets: 2015-01-08 -> 2022-12-30
  Test targets:  2023-01-02 -> 2026-03-20
  Features: 25 (TOP_25)
  Model-time preprocessing schema: step5c_train_curated
  Preprocessor groups: standard=4 robust=15 power=3 passthrough=3

--- GBM_v2 ---
  Best: {'subsample': 0.8, 'n_estimators': 500, 'min_samples_leaf': 10, 'max_depth': 5, 'learning_rate': 0.05}
  CV=0.5481 | Test Acc=0.5298 F1m=0.4845 AUC=0.5730

--- XGB_v2 ---
  Best: {'subsample': 1.0, 'reg_alpha': 0.1, 'n_estimators': 200, 'max_depth': 5, 'learning_rate': 0.05}
  CV=0.5527 | Test Acc=0.5119 F1m=0.4832 AUC=0.5518

--- LGBM_v2 ---
  Best: {'num_leaves': 15, 'n_estimators': 500, 'min_child_samples': 20, 'max_depth': 5, 'learning_rate': 0.05}
  CV=0.5522 | Test Acc=0.5167 F1m=0.4844 AUC=0.5459

--- SVM_RBF_v2 ---
  Best: {'gamma': 0.01, 'C': 5.0}
  CV=0.5533 | Test Acc=0.5119 F1m=0.4890 AUC=0.5220

--- Voting ---
  Test Acc=0.5238 F1m=0.4845 AUC=0.5440

--- Stacking ---
  Test Acc=0.5333 F1m=0.5306 AUC=0.5411

==========================================================================================
 TEST RESULTS
==========================================================================================
     Model  Accuracy      F1m      AUC   CV_Acc  Time_s
  Stacking  0.533333 0.530609 0.541112      NaN     9.1
SVM_RBF_v2  0.511905 0.488957 0.521968 0.553314     1.4
    Voting  0.523810 0.484485 0.543969      NaN     2.0
    GBM_v2  0.529762 0.484462 0.572972 0.548127   113.2
   LGBM_v2  0.516667 0.484444 0.545914 0.552161     5.8
    XGB_v2  0.511905 0.483190 0.551849 0.552738    18.7

==========================================================================================
 SELECTED CANDIDATE
==========================================================================================
  Stacking: Test Acc=0.5333 F1m=0.5306 AUC=0.5411
  Saved model bundle: /home/vund/.svn/ml/classification/results_step5c/step2_selected_bundle.joblib

==========================================================================================
 DONE
==========================================================================================
