
==========================================================================================
 CLASSIFICATION FINE-TUNE + ENSEMBLE
==========================================================================================
  Seed: 42
  Parallelism: search_jobs=8 | model_jobs=4
  Random search iterations: 30
  Train: 2082 | Test: 840
  Train targets: 2015-01-08 -> 2022-12-30
  Test targets:  2023-01-02 -> 2026-03-20
  Features: 25 (TOP_25)
  Model-time preprocessing schema: step5c_baked_scaled_passthrough
  Input is baked-scaled step5c dataset -> skip model-time scaler

--- GBM_v2 ---
  Best: {'subsample': 0.8, 'n_estimators': 500, 'min_samples_leaf': 5, 'max_depth': 7, 'learning_rate': 0.01}
  CV=0.5499 | Test Acc=0.5250 F1m=0.4816 AUC=0.5509

--- XGB_v2 ---
  Best: {'subsample': 1.0, 'reg_alpha': 0.1, 'n_estimators': 200, 'max_depth': 5, 'learning_rate': 0.05}
  CV=0.5527 | Test Acc=0.5119 F1m=0.4832 AUC=0.5518

--- LGBM_v2 ---
  Best: {'num_leaves': 31, 'n_estimators': 200, 'min_child_samples': 5, 'max_depth': 5, 'learning_rate': 0.01}
  CV=0.5499 | Test Acc=0.5274 F1m=0.5107 AUC=0.5311

--- SVM_RBF_v2 ---
  Best: {'gamma': 0.01, 'C': 5.0}
  CV=0.5550 | Test Acc=0.5083 F1m=0.4910 AUC=0.5227

--- Voting ---
  Test Acc=0.5274 F1m=0.4850 AUC=0.5419

--- Stacking ---
  Test Acc=0.5179 F1m=0.5150 AUC=0.5379

==========================================================================================
 TEST RESULTS
==========================================================================================
     Model  Accuracy      F1m      AUC   CV_Acc  Time_s
  Stacking  0.517857 0.514953 0.537864      NaN     9.3
   LGBM_v2  0.527381 0.510721 0.531112 0.549856     6.2
SVM_RBF_v2  0.508333 0.491002 0.522671 0.555043     1.5
    Voting  0.527381 0.484988 0.541940 0.542440     2.2
    XGB_v2  0.511905 0.483190 0.551849 0.552738    18.3
    GBM_v2  0.525000 0.481619 0.550869 0.549856   118.0

==========================================================================================
 SELECTED CANDIDATE
==========================================================================================
  Stacking: Test Acc=0.5179 F1m=0.5150 AUC=0.5379
  Saved model bundle: /home/vund/.svn/ml/classification/results_step5c/step2_selected_bundle.joblib

==========================================================================================
 DONE
==========================================================================================
