
==========================================================================================
 STEP 7: WEIGHT DECAY
==========================================================================================
  Seed: 42
  Parallelism: model_jobs=4
  Features: 50 (TOP_50)
  Train: 2032 | Test: 840
  Inner split for scheme selection: train=1694 | eval=338

==========================================================================================
 A) WEIGHT SCHEMES
==========================================================================================
  uniform              min=1.0000 max=1.0000 mean=1.0000
  exp_hl100            min=0.0000 max=1.0000 mean=0.0712
  exp_hl250            min=0.0036 max=1.0000 mean=0.1771
  exp_hl500            min=0.0599 max=1.0000 mean=0.3340
  exp_hl1000           min=0.2447 max=1.0000 mean=0.5366
  linear_01            min=0.1000 max=1.0000 mean=0.5500
  linear_03            min=0.3000 max=1.0000 mean=0.6500
  linear_05            min=0.5000 max=1.0000 mean=0.7500
  step_50pct_2x        min=1.0000 max=2.0000 mean=1.5000
  step_50pct_3x        min=1.0000 max=3.0000 mean=2.0000
  step_30pct_3x        min=1.0000 max=3.0000 mean=1.6004

==========================================================================================
 B) INNER TRAIN SELECTION GRID
==========================================================================================

 Scheme                 Model   Inner_Acc  Inner_F1m  Inner_AUC
 --------------------------------------------------------------
 uniform                GBM        0.5473     0.5399     0.5694
 uniform                XGB        0.5562     0.5555     0.5903
 uniform                LGBM       0.5799     0.5733     0.5920
 exp_hl100              GBM        0.5325     0.5128     0.5787
 exp_hl100              XGB        0.5976     0.5684     0.5987
 exp_hl100              LGBM       0.5207     0.4952     0.5791
 exp_hl250              GBM        0.5000     0.4984     0.5300
 exp_hl250              XGB        0.5710     0.5696     0.5917
 exp_hl250              LGBM       0.5325     0.5315     0.5732
 exp_hl500              GBM        0.5237     0.5210     0.5575
 exp_hl500              XGB        0.5355     0.5353     0.5688
 exp_hl500              LGBM       0.5562     0.5562     0.5536
 exp_hl1000             GBM        0.5533     0.5437     0.5961
 exp_hl1000             XGB        0.5473     0.5418     0.5668
 exp_hl1000             LGBM       0.5414     0.5405     0.5634
 linear_01              GBM        0.5533     0.5499     0.5732
 linear_01              XGB        0.5325     0.5325     0.5561
 linear_01              LGBM       0.5414     0.5412     0.5547
 linear_03              GBM        0.5385     0.5264     0.5832
 linear_03              XGB        0.5680     0.5619     0.5853
 linear_03              LGBM       0.5533     0.5532     0.5813
 linear_05              GBM        0.5444     0.5324     0.5784
 linear_05              XGB        0.5414     0.5380     0.5607
 linear_05              LGBM       0.5296     0.5294     0.5663
 step_50pct_2x          GBM        0.5740     0.5730     0.5823
 step_50pct_2x          XGB        0.5503     0.5487     0.5852
 step_50pct_2x          LGBM       0.5533     0.5526     0.5921
 step_50pct_3x          GBM        0.5355     0.5352     0.5688
 step_50pct_3x          XGB        0.5740     0.5730     0.6028
 step_50pct_3x          LGBM       0.5799     0.5789     0.5793
 step_30pct_3x          GBM        0.5355     0.5354     0.5836
 step_30pct_3x          XGB        0.5444     0.5417     0.5915
 step_30pct_3x          LGBM       0.5680     0.5675     0.5794

==========================================================================================
 C) FINAL TEST EVALUATION
==========================================================================================
  GBM: step_50pct_2x          InnerAcc=0.5740 TestAcc=0.5226
  XGB: exp_hl100              InnerAcc=0.5976 TestAcc=0.5179
  LGBM: step_50pct_3x          InnerAcc=0.5799 TestAcc=0.5214

 Best per model (scheme selected on inner train split):
   GBM: step_50pct_2x          InnerAcc=0.5740 InnerF1m=0.5730 TestAcc=0.5226
   LGBM: step_50pct_3x          InnerAcc=0.5799 InnerF1m=0.5789 TestAcc=0.5214
   XGB: exp_hl100              InnerAcc=0.5976 InnerF1m=0.5684 TestAcc=0.5179

 Best overall (selected on test):
   GBM + step_50pct_2x: InnerAcc=0.5740 InnerF1m=0.5730
   Test: Acc=0.5226 F1m=0.4790 AUC=0.5550

 Uniform baseline on inner train split:
   LGBM: InnerAcc=0.5799 Improvement=-0.59%

 Saved to ml/results/
==========================================================================================
 DONE
==========================================================================================
