
==========================================================================================
 STEP 5: SMART FEATURE SELECTION
==========================================================================================
  Seed: 42
  Parallelism: search_jobs=8 | model_jobs=4
  Permutation repeats: 5
  Final randomized-search iterations: 15
  Extra top-N sets: [10, 15, 20, 25]
  Features: 56 | Train: 2032 | Test: 840

==========================================================================================
 A) CORRELATION CLUSTERING
==========================================================================================

 Threshold      N_clusters   Max_size   Singletons
 --------------------------------------------------
 0.1                    46          6           41
 0.2                    40          6           33
 0.3                    35          6           25
 0.4                    29          9           19
 0.5                    25          9           16

 Choose threshold = 0.3 -> 35 clusters

 Clusters with more than 1 feature (multicollinearity):
   Cluster 1 (2 features, max|rho|=0.776):
     - sp500_return
     - vix_return_slog1p
   Cluster 6 (2 features, max|rho|=1.000):
     - momentum_5
     - ret_mean_5
   Cluster 7 (6 features, max|rho|=0.942):
     - price_vs_ma20
     - rsi_14
     - macd_hist
     - macd_cross
     - bb_position
     - momentum_10
   Cluster 9 (5 features, max|rho|=0.996):
     - price_vs_ma50
     - macd
     - macd_signal
     - momentum_20
     - ret_mean_20
   Cluster 18 (2 features, max|rho|=0.737):
     - conflict_event_count_log1p
     - conflict_intensity_7d_log1p
   Cluster 21 (2 features, max|rho|=0.748):
     - gdelt_goldstein
     - gdelt_goldstein_7d
   Cluster 22 (2 features, max|rho|=0.846):
     - gdelt_tone_7d
     - gdelt_tone_lag1
   Cluster 24 (2 features, max|rho|=0.773):
     - fatalities_log1p
     - fatalities_7d_log1p
   Cluster 25 (2 features, max|rho|=0.894):
     - gdelt_events_log1p
     - gdelt_volume_lag1_log1p
   Cluster 27 (6 features, max|rho|=0.997):
     - ma_5
     - ma_10
     - ma_20
     - ma_50
     - bb_upper
     - bb_lower

==========================================================================================
 B) PERMUTATION IMPORTANCE
==========================================================================================
  Computing permutation importance (5 repeats)...
  Done (1.7s)

 Top 20 Permutation Importance:
 #    Feature                         Perm_mean   Perm_std
 ----------------------------------------------------------
 1    yield_spread                      0.02722    0.01144
 2    ret_std_5                         0.01538    0.00685
 3    sp500_return                      0.01479    0.01138
 4    oil_return_lag2                   0.01420    0.00435
 5    macd_hist                         0.01361    0.01177
 6    oil_return_lag3                   0.01243    0.00905
 7    oil_return                        0.01183    0.01198
 8    gdelt_tone_lag1                   0.01183    0.00495
 9    gdelt_goldstein                   0.01065    0.01331
 10   oil_return_lag1                   0.00769    0.00947
 11   ret_mean_20                       0.00710    0.00609
 12   momentum_10                       0.00710    0.00401
 13   bb_width                          0.00651    0.00542
 14   month_cos                         0.00651    0.00392
 15   sp500_return_lag1                 0.00651    0.00632
 16   bb_upper                          0.00592    0.00324
 17   fatalities_log1p                  0.00533    0.00392
 18   oil_return_lag5                   0.00473    0.00762
 19   momentum_20                       0.00414    0.00237
 20   gdelt_goldstein_7d                0.00414    0.00302

==========================================================================================
 C) COMBINE: BEST FEATURE PER CLUSTER
==========================================================================================

  Cluster Selected                           Perm Dropped                                           
 ----------------------------------------------------------------------------------------------------
        1 sp500_return                    0.01479 vix_return_slog1p                                 
        2 oil_return                      0.01183 -                                                 
        3 usd_return                     -0.00000 -                                                 
        4 oil_return_lag1                 0.00769 -                                                 
        5 sp500_return_lag1               0.00651 -                                                 
        6 momentum_5                      0.00355 ret_mean_5                                        
        7 macd_hist                       0.01361 momentum_10, bb_position, price_vs_ma20, macd_cross, rsi_14
        8 ma_5_10_cross                  -0.00355 -                                                 
        9 ret_mean_20                     0.00710 momentum_20, price_vs_ma50, macd_signal, macd     
       10 ma_10_20_cross                  0.00000 -                                                 
       11 ma_20_50_cross                  0.00000 -                                                 
       12 oil_return_lag5                 0.00473 -                                                 
       13 oil_return_lag3                 0.01243 -                                                 
       14 oil_return_lag2                 0.01420 -                                                 
       15 month_sin                       0.00414 -                                                 
       16 inventory_change_pct           -0.00592 -                                                 
       17 month_cos                       0.00651 -                                                 
       18 conflict_event_count_log1p     -0.00651 conflict_intensity_7d_log1p                       
       19 day_of_week_cos                 0.00237 -                                                 
       20 day_of_week_sin                -0.00355 -                                                 
       21 gdelt_goldstein                 0.01065 gdelt_goldstein_7d                                
       22 gdelt_tone_lag1                 0.01183 gdelt_tone_7d                                     
       23 gdelt_tone_30d                  0.00296 -                                                 
       24 fatalities_log1p                0.00533 fatalities_7d_log1p                               
       25 gdelt_volume_lag1_log1p         0.00118 gdelt_events_log1p                                
       26 vix_lag1_log1p                 -0.00592 -                                                 
       27 bb_upper                        0.00592 ma_20, bb_lower, ma_5, ma_10, ma_50               
       28 inventory_zscore                0.00000 -                                                 
       29 yield_spread                    0.02722 -                                                 
       30 ret_std_5                       0.01538 -                                                 
       31 ret_std_20                     -0.00710 -                                                 
       32 bb_width                        0.00651 -                                                 
       33 production_change_pct_slog1p    0.00237 -                                                 
       34 net_imports_change_pct_slog1p  -0.00414 -                                                 
       35 vix_return_lag1                 0.00000 -                                                 

 Selected: 35 features (from 56 -> minus 21)
 After dropping perm <= 0: 23 features

==========================================================================================
 D) COMPARE FEATURE SETS
==========================================================================================

 Set                          N    LGBM_CV     XGB_CV     GBM_CV
 ----------------------------------------------------------------
 ALL_56                      56     0.5178     0.5201     0.5018
 CLUSTER_35                  35     0.5243     0.5107     0.5254
 CLUSTER_POS_23              23     0.5195     0.5059     0.5213
 PERM_TOP_10                 10     0.5112     0.4982     0.4876
 PERM_TOP_15                 15     0.5124     0.5030     0.4953
 PERM_TOP_20                 20     0.5077     0.5148     0.5024
 PERM_TOP_25                 25     0.5136     0.5237     0.5201

==========================================================================================
 E) FINAL TRAIN ON CLUSTER_35 (35 features)
==========================================================================================

--- XGB ---
  Best: {'reg_alpha': 0, 'n_estimators': 300, 'max_depth': 5, 'learning_rate': 0.01}
  TestAcc=0.5333 TestF1m=0.5029 TestAUC=0.5446 (CV=0.5467, 13.0s)

--- GBM ---
  Best: {'n_estimators': 300, 'min_samples_leaf': 5, 'max_depth': 3, 'learning_rate': 0.01}
  TestAcc=0.5107 TestF1m=0.4828 TestAUC=0.5197 (CV=0.5337, 89.2s)

--- LGBM ---
  Best: {'num_leaves': 15, 'n_estimators': 500, 'max_depth': 5, 'learning_rate': 0.05}
  TestAcc=0.5310 TestF1m=0.4733 TestAUC=0.5508 (CV=0.5296, 4.2s)

==========================================================================================
 SUMMARY
==========================================================================================
Model  Test_Accuracy  Test_F1_macro  Test_AUC   CV_Acc  Time_s
  XGB       0.533333       0.502851  0.544582 0.546746    13.0
 LGBM       0.530952       0.473259  0.550823 0.529586     4.2
  GBM       0.510714       0.482845  0.519689 0.533728    89.2

 Pipeline:
   81 features
   -> Correlation clustering (threshold=0.3, |rho|>0.7 grouped)
   -> 35 clusters
   -> Permutation importance keeps 1 best feature per cluster
   -> CLUSTER_35: 35 features
   -> XGB: TestAcc=0.5333
   -> Test: Acc=0.5333 F1m=0.5029 AUC=0.5446

 Comparison:
   Baseline (42 features, no technicals):   Acc=0.5274
   Step4 (81 features, no selection):        Acc=0.5530
   Step5 (naive MI+Spearman selection):      Acc=0.5619
   Step5 (cluster+perm selection, test):      Acc=0.5333

==========================================================================================
 DONE
==========================================================================================
