
==========================================================================================
 STEP 4: FEATURE SELECTION + RETRAIN (81 features)
==========================================================================================
  Seed: 42
  Parallelism: search_jobs=8 | model_jobs=4
  Final randomized-search iterations: 15
  Subset sizes: [10, 15, 20, 25, 30, 40, 50, 60, 70]
  Total features: 56
  Train: 2032 | Test: 840
  Target: UP=1047 (51.5%) | DOWN=985

==========================================================================================
 1. FEATURE RANKING
==========================================================================================

 #    Feature                              MI     |Sp|      Mix   MI_rk   Sp_rk   Mix_rk
 --------------------------------------------------------------------------------------------
 1    bb_width                         0.0241   0.0252   0.6756       1      30        1
 2    day_of_week_sin                  0.0082   0.0717   0.6690      14       1        2
 3    conflict_event_count_log1p       0.0081   0.0643   0.6154      15       3        3
 4    gdelt_tone_30d                   0.0080   0.0564   0.5592      16       5        4
 5    macd_signal                      0.0128   0.0389   0.5369       7      15        5
 6    gdelt_volume_lag1_log1p          0.0098   0.0456   0.5199      12      12        6
 7    ma_5_10_cross                    0.0104   0.0417   0.5068       9      14        7
 8    day_of_week_cos                  0.0149   0.0282   0.5046       5      25        8
 9    yield_spread                     0.0213   0.0072   0.4910       3      46        9
 10   gdelt_tone_7d                    0.0054   0.0530   0.4813      20       8       10
 11   momentum_5                       0.0215   0.0033   0.4691       2      50       11
 12   inventory_zscore                 0.0103   0.0358   0.4630      10      17       12
 13   conflict_intensity_7d_log1p      0.0000   0.0659   0.4593      31       2       13
 14   inventory_change_pct             0.0000   0.0625   0.4355      32       4       14
 15   ma_10                            0.0136   0.0191   0.4150       6      36       15
 16   fatalities_7d_log1p              0.0118   0.0239   0.4121       8      31       16
 17   gdelt_goldstein                  0.0025   0.0504   0.4024      27       9       17
 18   fatalities_log1p                 0.0034   0.0475   0.4020      26      10       18
 19   gdelt_goldstein_7d               0.0004   0.0548   0.3896      30       6       19
 20   gdelt_tone_lag1                  0.0000   0.0534   0.3719      33       7       20
 21   rsi_14                           0.0078   0.0295   0.3662      17      23       21
 22   oil_return_lag5                  0.0171   0.0006   0.3587       4      53       22
 23   sp500_return_lag1                0.0055   0.0320   0.3369      19      20       23
 24   month_sin                        0.0000   0.0464   0.3234      34      11       24
 25   ret_std_5                        0.0061   0.0256   0.3043      18      29       25
 26   oil_return_lag1                  0.0000   0.0428   0.2983      35      13       26
 27   macd_cross                       0.0082   0.0161   0.2821      13      39       27
 28   ret_mean_20                      0.0000   0.0368   0.2563      36      16       28
 29   momentum_20                      0.0000   0.0357   0.2491      37      18       29
 30   sp500_return                     0.0043   0.0228   0.2474      23      32       30
 31   price_vs_ma50                    0.0022   0.0286   0.2447      28      24       31
 32   macd                             0.0000   0.0344   0.2401      38      19       32
 33   vix_return_slog1p                0.0099   0.0046   0.2373      11      49       33
 34   gdelt_events_log1p               0.0000   0.0317   0.2206      39      21       34
 35   oil_return                       0.0000   0.0308   0.2147      40      22       35
 36   ma_10_20_cross                   0.0000   0.0281   0.1962      41      26       36
 37   production_change_pct_slog1p     0.0000   0.0278   0.1935      42      27       37
 38   net_imports_change_pct_slog1p    0.0000   0.0276   0.1924      43      28       38
 39   ma_50                            0.0041   0.0122   0.1692      24      42       39
 40   bb_lower                         0.0010   0.0204   0.1623      29      34       40
 41   oil_return_lag3                  0.0000   0.0224   0.1560      44      33       41
 42   ma_20_50_cross                   0.0000   0.0191   0.1333      45      35       42
 43   ma_5                             0.0000   0.0190   0.1326      46      37       43
 44   ma_20                            0.0000   0.0178   0.1240      47      38       44
 45   ret_mean_5                       0.0049   0.0029   0.1222      22      51       45
 46   oil_return_lag2                  0.0054   0.0013   0.1199      21      52       46
 47   ret_std_20                       0.0000   0.0160   0.1116      48      40       47
 48   bb_upper                         0.0000   0.0141   0.0984      49      41       48
 49   macd_hist                        0.0037   0.0003   0.0777      25      55       49
 50   month_cos                        0.0000   0.0104   0.0727      50      43       50
 51   usd_return                       0.0000   0.0097   0.0677      51      44       51
 52   bb_position                      0.0000   0.0094   0.0656      52      45       52
 53   momentum_10                      0.0000   0.0048   0.0335      53      47       53
 54   price_vs_ma20                    0.0000   0.0047   0.0326      54      48       54
 55   vix_lag1_log1p                   0.0000   0.0005   0.0033      55      54       55
 56   vix_return_lag1                  0.0000      nan      nan      56      56       56

 Top 10 by ranking scheme:
  spearman: day_of_week_sin, conflict_intensity_7d_log1p, conflict_event_count_log1p, inventory_change_pct, gdelt_tone_30d, gdelt_goldstein_7d, gdelt_tone_lag1, gdelt_tone_7d, gdelt_goldstein, fatalities_log1p
  mi: bb_width, momentum_5, yield_spread, oil_return_lag5, day_of_week_cos, ma_10, macd_signal, fatalities_7d_log1p, ma_5_10_cross, inventory_zscore
  mi_spearman: bb_width, day_of_week_sin, conflict_event_count_log1p, gdelt_tone_30d, macd_signal, gdelt_volume_lag1_log1p, ma_5_10_cross, day_of_week_cos, yield_spread, gdelt_tone_7d

==========================================================================================
 2. SUBSET COMPARISON (28 cases, LGBM proxy)
==========================================================================================
  Cases: 22
  Warning: expected 28 cases, got 22 because total features=56

 Case                     Rank             N   CV_Acc
 --------------------------------------------------------
 SPEARMAN_TOP_10          spearman        10   0.5101
 SPEARMAN_TOP_15          spearman        15   0.5231
 SPEARMAN_TOP_20          spearman        20   0.5047
 SPEARMAN_TOP_25          spearman        25   0.5237
 SPEARMAN_TOP_30          spearman        30   0.5272
 SPEARMAN_TOP_40          spearman        40   0.5260
 SPEARMAN_TOP_50          spearman        50   0.5142
 MI_TOP_10                mi              10   0.5172
 MI_TOP_15                mi              15   0.5219
 MI_TOP_20                mi              20   0.5320
 MI_TOP_25                mi              25   0.5107
 MI_TOP_30                mi              30   0.5201
 MI_TOP_40                mi              40   0.5207
 MI_TOP_50                mi              50   0.5071
 MI_SPEARMAN_TOP_10       mi_spearman     10   0.5107
 MI_SPEARMAN_TOP_15       mi_spearman     15   0.5195
 MI_SPEARMAN_TOP_20       mi_spearman     20   0.5095
 MI_SPEARMAN_TOP_25       mi_spearman     25   0.5201
 MI_SPEARMAN_TOP_30       mi_spearman     30   0.5349
 MI_SPEARMAN_TOP_40       mi_spearman     40   0.5201
 MI_SPEARMAN_TOP_50       mi_spearman     50   0.5130
 ALL_56                   all             56   0.5272

 Best case on train CV: MI_SPEARMAN_TOP_30 (30 features, CV_Acc=0.5349)

 Best case by ranking family:
  spearman      SPEARMAN_TOP_30          CV_Acc=0.5272
  mi            MI_TOP_20                CV_Acc=0.5320
  mi_spearman   MI_SPEARMAN_TOP_30       CV_Acc=0.5349
  all           ALL_56                   CV_Acc=0.5272

==========================================================================================
 3. TRAIN ON MI_SPEARMAN_TOP_30 (30 features)
==========================================================================================

--- XGB ---
  Best: {'reg_alpha': 0.1, 'n_estimators': 200, 'max_depth': 7, 'learning_rate': 0.01}
  CV_Acc=0.5503 | Test: Acc=0.5012 F1m=0.4461 AUC=0.5247 (11.9s)

--- GBM ---
  Best: {'n_estimators': 500, 'min_samples_leaf': 5, 'max_depth': 5, 'learning_rate': 0.01}
  CV_Acc=0.5308 | Test: Acc=0.5071 F1m=0.4513 AUC=0.5258 (93.3s)

--- LGBM ---
  Best: {'num_leaves': 15, 'n_estimators': 200, 'max_depth': 7, 'learning_rate': 0.01}
  CV_Acc=0.5337 | Test: Acc=0.5036 F1m=0.4667 AUC=0.5157 (2.3s)

==========================================================================================
 SUMMARY
==========================================================================================

 Best case on train CV: MI_SPEARMAN_TOP_30 (30 features)
 Test model comparison:
  Model  Test_Accuracy  Test_F1_macro  Test_AUC    CV_Acc  Time_s       Selected_Case      Ranking  N_Features
1   GBM       0.507143       0.451289  0.525817  0.530769    93.3  MI_SPEARMAN_TOP_20  mi_spearman          20
2  LGBM       0.503571       0.466654  0.515681  0.533728     2.3  MI_SPEARMAN_TOP_20  mi_spearman          20
3   XGB       0.510190       0.446059  0.524672  0.550296    11.9  MI_SPEARMAN_TOP_20  mi_spearman          20

 Final test (GBM selected on test): Acc=0.5071 F1m=0.4513 AUC=0.5258

 Top 15 features used in MI_SPEARMAN_TOP_30:
    1. bb_width                       MI=0.0241 |Sp|=0.0252 Mix=0.6756
    2. day_of_week_sin                MI=0.0082 |Sp|=0.0717 Mix=0.6690
    3. conflict_event_count_log1p     MI=0.0081 |Sp|=0.0643 Mix=0.6154
    4. gdelt_tone_30d                 MI=0.0080 |Sp|=0.0564 Mix=0.5592
    5. macd_signal                    MI=0.0128 |Sp|=0.0389 Mix=0.5369
    6. gdelt_volume_lag1_log1p        MI=0.0098 |Sp|=0.0456 Mix=0.5199
    7. ma_5_10_cross                  MI=0.0104 |Sp|=0.0417 Mix=0.5068
    8. day_of_week_cos                MI=0.0149 |Sp|=0.0282 Mix=0.5046
    9. yield_spread                   MI=0.0213 |Sp|=0.0072 Mix=0.4910
   10. gdelt_tone_7d                  MI=0.0054 |Sp|=0.0530 Mix=0.4813
   11. momentum_5                     MI=0.0215 |Sp|=0.0033 Mix=0.4691
   12. inventory_zscore               MI=0.0103 |Sp|=0.0358 Mix=0.4630
   13. conflict_intensity_7d_log1p    MI=0.0000 |Sp|=0.0659 Mix=0.4593
   14. inventory_change_pct           MI=0.0000 |Sp|=0.0625 Mix=0.4355
   15. ma_10                          MI=0.0136 |Sp|=0.0191 Mix=0.4150

==========================================================================================
 DONE
==========================================================================================
