
==========================================================================================
 CLASSIFICATION FINE-TUNE + ENSEMBLE
==========================================================================================
  Seed: 42
  Parallelism: search_jobs=8 | model_jobs=12
  Train: 1822 | Val: 260 | Test: 840
  Train targets: 2015-01-08 -> 2021-12-31
  Val targets:   2022-01-03 -> 2022-12-30
  Test targets:  2023-01-02 -> 2026-03-20
  Features: 25 (TOP_25)

--- GBM_v2 ---
  Best: {'subsample': 1.0, 'n_estimators': 200, 'min_samples_leaf': 10, 'max_depth': 3, 'learning_rate': 0.01}
  CV=0.5241 | Val Acc=0.5577 F1m=0.5485 AUC=0.5688

--- XGB_v2 ---
  Best: {'subsample': 0.8, 'reg_alpha': 0, 'n_estimators': 200, 'max_depth': 3, 'learning_rate': 0.01}
  CV=0.5215 | Val Acc=0.5269 F1m=0.4814 AUC=0.5719

--- LGBM_v2 ---
  Best: {'num_leaves': 15, 'n_estimators': 200, 'min_child_samples': 20, 'max_depth': 3, 'learning_rate': 0.03}
  CV=0.5320 | Val Acc=0.5423 F1m=0.5422 AUC=0.5743

--- SVM_RBF_v2 ---
  Best: {'gamma': 0.01, 'C': 1.0}
  CV=0.5050 | Val Acc=0.5077 F1m=0.3566 AUC=0.5374

--- Voting ---
  Val Acc=0.5538 F1m=0.5522 AUC=0.5655

--- Stacking ---
  Val Acc=0.5192 F1m=0.3747 AUC=0.5960

==========================================================================================
 VALIDATION RESULTS
==========================================================================================
     Model  Accuracy      F1m      AUC   CV_Acc  Time_s
    Voting  0.553846 0.552150 0.565518      NaN     1.8
    GBM_v2  0.557692 0.548550 0.568774 0.524092   634.2
   LGBM_v2  0.542308 0.542247 0.574278 0.532013    29.5
    XGB_v2  0.526923 0.481442 0.571911 0.521452   100.5
  Stacking  0.519231 0.374699 0.595999      NaN     6.3
SVM_RBF_v2  0.507692 0.356585 0.537405 0.504950     4.0

==========================================================================================
 SELECTED CANDIDATE
==========================================================================================
  Voting: Val Acc=0.5538 F1m=0.5522 AUC=0.5655
  Holdout: Acc=0.5214 F1m=0.4914 AUC=0.5344

==========================================================================================
 DONE
==========================================================================================
